
=======================================================
[건강블로그] 2026-07-12  현재 그룹: 생활건강 정보
[건강블로그] 발행 이력: 2개  최근 유사 차단: 2개
=======================================================

[rotation] 그룹 '생활건강 정보' — 시드 8개 탐색
[rotation]   시드 '다이어트방법' (마지막 사용: 없음)

[건강블로그] 선택 키워드: '다이어트식단'
[건강블로그]   그룹: 생활건강 정보 / 시드: 다이어트방법 / 월검색: 53,400


[pipeline] 키워드: 다이어트식단
[pipeline] 1/3 콘텐츠 생성 중...
[content] 섹션별 이미지 삽입 중...
[pipeline]   제목: 다이어트식단 완벽 가이드: 체중 감량 성공률 높이는 균형 식단 짜는 법
[pipeline] 2/3 OSMU 변환 + 내부 링크 삽입 중...
[pipeline] 3/3 블로그 플랫폼 발행 중...
[blogger] 발행 완료: https://healthier-sam.blogspot.com/2026/07/blog-post_12.html
[pipeline]   blogger: https://healthier-sam.blogspot.com/2026/07/blog-post_12.html

=======================================================
[건강블로그] 완료: 다이어트식단 완벽 가이드: 체중 감량 성공률 높이는 균형 식단 짜는 법
[건강블로그] URL : https://healthier-sam.blogspot.com/2026/07/blog-post_12.html
[건강블로그] 다음 그룹: 여성·중장년 건강
=======================================================

